<?xml version="1.0" encoding="UTF-8"?>
<!-- Generated by org.testng.reporters.JUnitReportReporter -->
<testsuite skipped="0" hostname="LAPTOP-Q9KDIF6A" name="org.browser.AllBrowser" tests="3" failures="0" timestamp="29 Mar 2022 06:26:17 GMT" time="62.347" errors="0">
  <testcase name="tc1" time="21.053" classname="org.browser.AllBrowser"/>
  <testcase name="tc1" time="22.041" classname="org.browser.AllBrowser"/>
  <testcase name="tc1" time="19.253" classname="org.browser.AllBrowser"/>
</testsuite> <!-- org.browser.AllBrowser -->
