<?xml version="1.0" encoding="UTF-8"?>
<!-- Generated by org.testng.reporters.JUnitReportReporter -->
<testsuite skipped="2" hostname="LAPTOP-Q9KDIF6A" name="org.test.TestNg" tests="3" failures="0" timestamp="01 Apr 2022 08:01:23 GMT" time="0.027" errors="0">
  <testcase name="tc2" time="0.027" classname="org.test.TestNg"/>
  <testcase name="tc1" classname="org.test.TestNg">
    <skipped/>
  </testcase> <!-- tc1 -->
  <testcase name="tc3" classname="org.test.TestNg">
    <skipped/>
  </testcase> <!-- tc3 -->
</testsuite> <!-- org.test.TestNg -->
