<?xml version="1.0" encoding="UTF-8"?>
<!-- Generated by org.testng.reporters.JUnitReportReporter -->
<testsuite skipped="0" hostname="LAPTOP-Q9KDIF6A" name="org.test.ClassB" tests="3" failures="0" timestamp="01 Apr 2022 08:00:24 GMT" time="162.423" errors="0">
  <testcase name="tc3" time="14.878" classname="org.test.ClassB"/>
  <testcase name="tc3" time="135.771" classname="org.test.ClassB"/>
  <testcase name="tc3" time="11.774" classname="org.test.ClassB"/>
</testsuite> <!-- org.test.ClassB -->
