<?xml version="1.0" encoding="UTF-8"?>
<!-- Generated by org.testng.reporters.JUnitReportReporter -->
<testsuite skipped="0" hostname="LAPTOP-Q9KDIF6A" name="org.test.ClassA" tests="3" failures="0" timestamp="27 Mar 2022 16:11:25 GMT" time="106.915" errors="0">
  <testcase name="tc1hotel" time="19.917" classname="org.test.ClassA"/>
  <testcase name="tc1hotel" time="70.986" classname="org.test.ClassA"/>
  <testcase name="tc1hotel" time="16.012" classname="org.test.ClassA"/>
</testsuite> <!-- org.test.ClassA -->
