<?xml version="1.0" encoding="UTF-8"?>
<!-- Generated by org.testng.reporters.JUnitReportReporter -->
<testsuite skipped="0" hostname="LAPTOP-Q9KDIF6A" name="org.task1.Sample2" tests="1" failures="0" timestamp="29 Mar 2022 10:15:41 GMT" time="54.697" errors="0">
  <testcase name="tc3" time="54.697" classname="org.task1.Sample2"/>
</testsuite> <!-- org.task1.Sample2 -->
